<?xml version="1.0" encoding="UTF-8"?>
<!-- Generated by org.testng.reporters.JUnitReportReporter -->
<testsuite skipped="0" hostname="ojas-dd523" name="mobile_Testing1.Apidemos" tests="1" failures="0" timestamp="3 Nov 2022 09:21:03 GMT" time="8.664" errors="0">
  <testcase name="settingapp" time="8.664" classname="mobile_Testing1.Apidemos"/>
</testsuite> <!-- mobile_Testing1.Apidemos -->
