<?xml version="1.0" encoding="UTF-8"?>
<!-- Generated by org.testng.reporters.JUnitReportReporter -->
<testsuite skipped="0" hostname="ojas-dd523" name="mobile_Testing1.BaseClass" tests="1" failures="0" timestamp="3 Nov 2022 05:28:02 GMT" time="2.240" errors="0">
  <testcase name="settingapp" time="2.240" classname="mobile_Testing1.BaseClass"/>
</testsuite> <!-- mobile_Testing1.BaseClass -->
