<?xml version="1.0" encoding="UTF-8"?>
<!-- Generated by org.testng.reporters.JUnitReportReporter -->
<testsuite skipped="0" hostname="ojas-dd523" name="mobile_Testing1.longpress" tests="1" failures="0" timestamp="3 Nov 2022 10:04:16 GMT" time="11.299" errors="0">
  <testcase name="longpressGesture" time="11.299" classname="mobile_Testing1.longpress"/>
</testsuite> <!-- mobile_Testing1.longpress -->
