<?xml version="1.0" encoding="UTF-8"?>
<!-- Generated by org.testng.reporters.JUnitReportReporter -->
<testsuite skipped="0" hostname="ojas-dd523" name="mobile_Testing1.Swipe" tests="1" failures="0" timestamp="3 Nov 2022 12:04:11 GMT" time="6.177" errors="0">
  <testcase name="swiping" time="6.177" classname="mobile_Testing1.Swipe"/>
</testsuite> <!-- mobile_Testing1.Swipe -->
