<?xml version="1.0" encoding="UTF-8"?>
<!-- Generated by org.testng.reporters.JUnitReportReporter -->
<testsuite skipped="0" hostname="ojas-dd523" name="mobile_Testing1.ScrollDown" tests="1" failures="0" timestamp="3 Nov 2022 11:18:06 GMT" time="9.144" errors="0">
  <testcase name="ScrollDownwards" time="9.144" classname="mobile_Testing1.ScrollDown"/>
</testsuite> <!-- mobile_Testing1.ScrollDown -->
