<?xml version="1.0" encoding="UTF-8"?>
<!-- Generated by org.testng.reporters.JUnitReportReporter -->
<testsuite skipped="0" hostname="ojas-dd523" name="mobile_Testing1.Drag_Drop" tests="1" failures="0" timestamp="4 Nov 2022 06:53:16 GMT" time="4.897" errors="0">
  <testcase name="DragDroptest" time="4.897" classname="mobile_Testing1.Drag_Drop"/>
</testsuite> <!-- mobile_Testing1.Drag_Drop -->
